[0m12:48:50.465363 [debug] [MainThread]: Sending event: {'category': 'dbt', 'action': 'invocation', 'label': 'start', 'context': [<snowplow_tracker.self_describing_json.SelfDescribingJson object at 0x0000022469D15370>, <snowplow_tracker.self_describing_json.SelfDescribingJson object at 0x000002246BC68C10>, <snowplow_tracker.self_describing_json.SelfDescribingJson object at 0x000002246BC689D0>]}


============================== 12:48:50.469067 | 8de92ceb-2eff-4588-8d6c-45771dadf57b ==============================
[0m12:48:50.469067 [info ] [MainThread]: Running with dbt=1.9.0-b4
[0m12:48:50.470067 [debug] [MainThread]: running dbt with arguments {'printer_width': '80', 'indirect_selection': 'eager', 'write_json': 'True', 'log_cache_events': 'False', 'partial_parse': 'True', 'cache_selected_only': 'False', 'warn_error': 'None', 'version_check': 'True', 'profiles_dir': 'C:\\Users\\Tomas\\.dbt', 'log_path': 'logs', 'debug': 'False', 'fail_fast': 'False', 'use_colors': 'True', 'use_experimental_parser': 'False', 'no_print': 'None', 'quiet': 'False', 'empty': 'None', 'warn_error_options': 'WarnErrorOptions(include=[], exclude=[])', 'static_parser': 'True', 'log_format': 'default', 'introspect': 'True', 'target_path': 'None', 'invocation_command': 'dbt init db_postgres', 'send_anonymous_usage_stats': 'True'}
[0m12:48:50.488037 [warn ] [MainThread]: [ConfigFolderDirectory]: Unable to parse logging event dictionary. Failed to parse dir field: expected string or bytes-like object.. Dictionary: {'dir': WindowsPath('C:/Users/Tomas/.dbt')}
[0m12:48:50.489037 [info ] [MainThread]: Creating dbt configuration folder at 
[0m12:48:50.491036 [debug] [MainThread]: Starter project path: C:\Users\Tomas\anaconda3\envs\mlops-dbt\lib\site-packages\dbt\include\starter_project
[0m12:48:50.520647 [info ] [MainThread]: 
Your new dbt project "db_postgres" was created!

For more information on how to configure the profiles.yml file,
please consult the dbt documentation here:

  https://docs.getdbt.com/docs/configure-your-profile

One more thing:

Need help? Don't hesitate to reach out to us via GitHub issues or on Slack:

  https://community.getdbt.com/

Happy modeling!

[0m12:48:50.520647 [info ] [MainThread]: Setting up your profile.
[0m12:50:41.531108 [error] [MainThread]: Encountered an error:

[0m12:50:41.534181 [error] [MainThread]: Traceback (most recent call last):
  File "C:\Users\Tomas\anaconda3\envs\mlops-dbt\lib\site-packages\dbt\cli\requires.py", line 153, in wrapper
    result, success = func(*args, **kwargs)
  File "C:\Users\Tomas\anaconda3\envs\mlops-dbt\lib\site-packages\dbt\cli\requires.py", line 103, in wrapper
    return func(*args, **kwargs)
  File "C:\Users\Tomas\anaconda3\envs\mlops-dbt\lib\site-packages\dbt\cli\main.py", line 477, in init
    results = task.run()
  File "C:\Users\Tomas\anaconda3\envs\mlops-dbt\lib\site-packages\dbt\task\init.py", line 346, in run
    self.setup_profile(profile_name)
  File "C:\Users\Tomas\anaconda3\envs\mlops-dbt\lib\site-packages\dbt\task\init.py", line 262, in setup_profile
    self.create_profile_from_target(adapter, profile_name=profile_name)
  File "C:\Users\Tomas\anaconda3\envs\mlops-dbt\lib\site-packages\dbt\task\init.py", line 179, in create_profile_from_target
    self.create_profile_from_profile_template(profile_template, profile_name)
  File "C:\Users\Tomas\anaconda3\envs\mlops-dbt\lib\site-packages\dbt\task\init.py", line 163, in create_profile_from_profile_template
    target = self.generate_target_from_input(prompts, initial_target)
  File "C:\Users\Tomas\anaconda3\envs\mlops-dbt\lib\site-packages\dbt\task\init.py", line 129, in generate_target_from_input
    target[key] = click.prompt(
  File "C:\Users\Tomas\anaconda3\envs\mlops-dbt\lib\site-packages\click\termui.py", line 164, in prompt
    value = prompt_func(prompt)
  File "C:\Users\Tomas\anaconda3\envs\mlops-dbt\lib\site-packages\click\termui.py", line 147, in prompt_func
    raise Abort() from None
click.exceptions.Abort

[0m12:50:41.536179 [debug] [MainThread]: Command `dbt init` failed at 12:50:41.535180 after 111.17 seconds
[0m12:50:41.536179 [debug] [MainThread]: Sending event: {'category': 'dbt', 'action': 'invocation', 'label': 'end', 'context': [<snowplow_tracker.self_describing_json.SelfDescribingJson object at 0x0000022469D15370>, <snowplow_tracker.self_describing_json.SelfDescribingJson object at 0x000002246BC34DF0>, <snowplow_tracker.self_describing_json.SelfDescribingJson object at 0x000002246BC34040>]}
[0m12:50:41.537180 [debug] [MainThread]: Flushing usage events
[0m12:50:42.160089 [debug] [MainThread]: An error was encountered while trying to flush usage events
[0m12:50:50.901578 [debug] [MainThread]: Sending event: {'category': 'dbt', 'action': 'invocation', 'label': 'start', 'context': [<snowplow_tracker.self_describing_json.SelfDescribingJson object at 0x000001BD92CE5490>, <snowplow_tracker.self_describing_json.SelfDescribingJson object at 0x000001BD94C16F40>, <snowplow_tracker.self_describing_json.SelfDescribingJson object at 0x000001BD94C16BE0>]}


============================== 12:50:50.905580 | a747fd56-3f92-4ece-ba49-a6756949ca67 ==============================
[0m12:50:50.905580 [info ] [MainThread]: Running with dbt=1.9.0-b4
[0m12:50:50.905580 [debug] [MainThread]: running dbt with arguments {'printer_width': '80', 'indirect_selection': 'eager', 'log_cache_events': 'False', 'write_json': 'True', 'partial_parse': 'True', 'cache_selected_only': 'False', 'profiles_dir': 'C:\\Users\\Tomas\\.dbt', 'fail_fast': 'False', 'warn_error': 'None', 'log_path': 'logs', 'debug': 'False', 'version_check': 'True', 'use_colors': 'True', 'use_experimental_parser': 'False', 'no_print': 'None', 'quiet': 'False', 'empty': 'None', 'warn_error_options': 'WarnErrorOptions(include=[], exclude=[])', 'invocation_command': 'dbt init db_postgres', 'log_format': 'default', 'introspect': 'True', 'target_path': 'None', 'static_parser': 'True', 'send_anonymous_usage_stats': 'True'}
[0m12:50:50.925150 [info ] [MainThread]: A project called db_postgres already exists here.
[0m12:50:50.926150 [debug] [MainThread]: Command `dbt init` succeeded at 12:50:50.926150 after 0.12 seconds
[0m12:50:50.926150 [debug] [MainThread]: Sending event: {'category': 'dbt', 'action': 'invocation', 'label': 'end', 'context': [<snowplow_tracker.self_describing_json.SelfDescribingJson object at 0x000001BD92CE5490>, <snowplow_tracker.self_describing_json.SelfDescribingJson object at 0x000001BD94C2AF10>, <snowplow_tracker.self_describing_json.SelfDescribingJson object at 0x000001BD94C925B0>]}
[0m12:50:50.927150 [debug] [MainThread]: Flushing usage events
[0m12:50:51.569246 [debug] [MainThread]: An error was encountered while trying to flush usage events
[0m12:53:47.968796 [debug] [MainThread]: Sending event: {'category': 'dbt', 'action': 'invocation', 'label': 'start', 'context': [<snowplow_tracker.self_describing_json.SelfDescribingJson object at 0x000002183F345490>, <snowplow_tracker.self_describing_json.SelfDescribingJson object at 0x0000021841276F40>, <snowplow_tracker.self_describing_json.SelfDescribingJson object at 0x0000021841276BE0>]}


============================== 12:53:47.972795 | f16647e4-f56a-4bcd-be49-123ec7f1984b ==============================
[0m12:53:47.972795 [info ] [MainThread]: Running with dbt=1.9.0-b4
[0m12:53:47.973794 [debug] [MainThread]: running dbt with arguments {'printer_width': '80', 'indirect_selection': 'eager', 'log_cache_events': 'False', 'write_json': 'True', 'partial_parse': 'True', 'cache_selected_only': 'False', 'profiles_dir': 'C:\\Users\\Tomas\\.dbt', 'debug': 'False', 'warn_error': 'None', 'log_path': 'logs', 'fail_fast': 'False', 'version_check': 'True', 'use_colors': 'True', 'use_experimental_parser': 'False', 'no_print': 'None', 'quiet': 'False', 'empty': 'None', 'warn_error_options': 'WarnErrorOptions(include=[], exclude=[])', 'invocation_command': 'dbt init db_postgres', 'introspect': 'True', 'log_format': 'default', 'target_path': 'None', 'static_parser': 'True', 'send_anonymous_usage_stats': 'True'}
[0m12:53:47.994934 [debug] [MainThread]: Starter project path: C:\Users\Tomas\anaconda3\envs\mlops-dbt\lib\site-packages\dbt\include\starter_project
[0m12:53:48.014639 [info ] [MainThread]: 
Your new dbt project "db_postgres" was created!

For more information on how to configure the profiles.yml file,
please consult the dbt documentation here:

  https://docs.getdbt.com/docs/configure-your-profile

One more thing:

Need help? Don't hesitate to reach out to us via GitHub issues or on Slack:

  https://community.getdbt.com/

Happy modeling!

[0m12:53:48.015640 [info ] [MainThread]: Setting up your profile.
[0m12:55:30.359128 [info ] [MainThread]: Profile db_postgres written to C:\Users\Tomas\.dbt\profiles.yml using target's profile_template.yml and your supplied values. Run 'dbt debug' to validate the connection.
[0m12:55:30.360191 [debug] [MainThread]: Command `dbt init` succeeded at 12:55:30.360191 after 102.49 seconds
[0m12:55:30.361189 [debug] [MainThread]: Sending event: {'category': 'dbt', 'action': 'invocation', 'label': 'end', 'context': [<snowplow_tracker.self_describing_json.SelfDescribingJson object at 0x000002183F345490>, <snowplow_tracker.self_describing_json.SelfDescribingJson object at 0x000002184129BAF0>, <snowplow_tracker.self_describing_json.SelfDescribingJson object at 0x000002183E6EC5B0>]}
[0m12:55:30.362189 [debug] [MainThread]: Flushing usage events
[0m12:55:31.070965 [debug] [MainThread]: An error was encountered while trying to flush usage events
[0m14:33:41.632268 [debug] [MainThread]: Sending event: {'category': 'dbt', 'action': 'invocation', 'label': 'start', 'context': [<snowplow_tracker.self_describing_json.SelfDescribingJson object at 0x0000020170121400>, <snowplow_tracker.self_describing_json.SelfDescribingJson object at 0x00000201720575E0>, <snowplow_tracker.self_describing_json.SelfDescribingJson object at 0x0000020172057820>]}


============================== 14:33:41.636704 | acb98554-be0e-4a68-a8bf-5cb2778aa66e ==============================
[0m14:33:41.636704 [info ] [MainThread]: Running with dbt=1.9.0-b4
[0m14:33:41.637710 [debug] [MainThread]: running dbt with arguments {'printer_width': '80', 'indirect_selection': 'eager', 'write_json': 'True', 'log_cache_events': 'False', 'partial_parse': 'True', 'cache_selected_only': 'False', 'profiles_dir': 'C:\\Users\\Tomas\\.dbt', 'version_check': 'True', 'debug': 'False', 'log_path': 'logs', 'warn_error': 'None', 'fail_fast': 'False', 'use_colors': 'True', 'use_experimental_parser': 'False', 'empty': 'None', 'quiet': 'False', 'no_print': 'None', 'log_format': 'default', 'invocation_command': 'dbt debug', 'static_parser': 'True', 'introspect': 'True', 'target_path': 'None', 'warn_error_options': 'WarnErrorOptions(include=[], exclude=[])', 'send_anonymous_usage_stats': 'True'}
[0m14:33:41.661303 [info ] [MainThread]: dbt version: 1.9.0-b4
[0m14:33:41.661303 [info ] [MainThread]: python version: 3.9.20
[0m14:33:41.662432 [info ] [MainThread]: python path: C:\Users\Tomas\anaconda3\envs\mlops-dbt\python.exe
[0m14:33:41.662432 [info ] [MainThread]: os info: Windows-10-10.0.26100-SP0
[0m14:33:41.721053 [info ] [MainThread]: Using profiles dir at C:\Users\Tomas\.dbt
[0m14:33:41.722060 [info ] [MainThread]: Using profiles.yml file at C:\Users\Tomas\.dbt\profiles.yml
[0m14:33:41.723054 [info ] [MainThread]: Using dbt_project.yml file at C:\Users\Tomas\Documents\GitHub\mlops-ecosystem\dbt_project.yml
[0m14:33:41.724055 [info ] [MainThread]: adapter type: postgres
[0m14:33:41.724055 [info ] [MainThread]: adapter version: 1.8.2
[0m14:33:41.725317 [info ] [MainThread]: Configuration:
[0m14:33:41.725317 [info ] [MainThread]:   profiles.yml file [[32mOK found and valid[0m]
[0m14:33:41.726323 [info ] [MainThread]:   dbt_project.yml file [[31mERROR not found[0m]
[0m14:33:41.727321 [info ] [MainThread]: Required dependencies:
[0m14:33:41.727321 [debug] [MainThread]: Executing "git --help"
[0m14:33:41.778945 [debug] [MainThread]: STDOUT: "b"usage: git [-v | --version] [-h | --help] [-C <path>] [-c <name>=<value>]\n           [--exec-path[=<path>]] [--html-path] [--man-path] [--info-path]\n           [-p | --paginate | -P | --no-pager] [--no-replace-objects] [--no-lazy-fetch]\n           [--no-optional-locks] [--no-advice] [--bare] [--git-dir=<path>]\n           [--work-tree=<path>] [--namespace=<name>] [--config-env=<name>=<envvar>]\n           <command> [<args>]\n\nThese are common Git commands used in various situations:\n\nstart a working area (see also: git help tutorial)\n   clone      Clone a repository into a new directory\n   init       Create an empty Git repository or reinitialize an existing one\n\nwork on the current change (see also: git help everyday)\n   add        Add file contents to the index\n   mv         Move or rename a file, a directory, or a symlink\n   restore    Restore working tree files\n   rm         Remove files from the working tree and from the index\n\nexamine the history and state (see also: git help revisions)\n   bisect     Use binary search to find the commit that introduced a bug\n   diff       Show changes between commits, commit and working tree, etc\n   grep       Print lines matching a pattern\n   log        Show commit logs\n   show       Show various types of objects\n   status     Show the working tree status\n\ngrow, mark and tweak your common history\n   backfill   Download missing objects in a partial clone\n   branch     List, create, or delete branches\n   commit     Record changes to the repository\n   merge      Join two or more development histories together\n   rebase     Reapply commits on top of another base tip\n   reset      Reset current HEAD to the specified state\n   switch     Switch branches\n   tag        Create, list, delete or verify a tag object signed with GPG\n\ncollaborate (see also: git help workflows)\n   fetch      Download objects and refs from another repository\n   pull       Fetch from and integrate with another repository or a local branch\n   push       Update remote refs along with associated objects\n\n'git help -a' and 'git help -g' list available subcommands and some\nconcept guides. See 'git help <command>' or 'git help <concept>'\nto read about a specific subcommand or concept.\nSee 'git help git' for an overview of the system.\n""
[0m14:33:41.779945 [debug] [MainThread]: STDERR: "b''"
[0m14:33:41.780946 [info ] [MainThread]:  - git [[32mOK found[0m]

[0m14:33:41.780946 [info ] [MainThread]: Connection:
[0m14:33:41.781944 [info ] [MainThread]:   host: localhost
[0m14:33:41.782945 [info ] [MainThread]:   port: 5432
[0m14:33:41.783947 [info ] [MainThread]:   user: tomirubinstein@gmail.com
[0m14:33:41.783947 [info ] [MainThread]:   database: mlops
[0m14:33:41.784945 [info ] [MainThread]:   schema: target
[0m14:33:41.785943 [info ] [MainThread]:   connect_timeout: 10
[0m14:33:41.786943 [info ] [MainThread]:   role: None
[0m14:33:41.787946 [info ] [MainThread]:   search_path: None
[0m14:33:41.787946 [info ] [MainThread]:   keepalives_idle: 0
[0m14:33:41.788943 [info ] [MainThread]:   sslmode: None
[0m14:33:41.789945 [info ] [MainThread]:   sslcert: None
[0m14:33:41.790944 [info ] [MainThread]:   sslkey: None
[0m14:33:41.790944 [info ] [MainThread]:   sslrootcert: None
[0m14:33:41.791945 [info ] [MainThread]:   application_name: dbt
[0m14:33:41.792944 [info ] [MainThread]:   retries: 1
[0m14:33:41.793942 [info ] [MainThread]: Registered adapter: postgres=1.8.2
[0m14:33:42.119455 [debug] [MainThread]: Acquiring new postgres connection 'debug'
[0m14:33:42.365625 [debug] [MainThread]: Using postgres connection "debug"
[0m14:33:42.366626 [debug] [MainThread]: On debug: select 1 as id
[0m14:33:42.367626 [debug] [MainThread]: Opening a new connection, currently in state init
[0m14:33:42.386823 [debug] [MainThread]: SQL status: SELECT 1 in 0.019 seconds
[0m14:33:42.387823 [debug] [MainThread]: On debug: Close
[0m14:33:42.387823 [info ] [MainThread]:   Connection test: [[32mOK connection ok[0m]

[0m14:33:42.388821 [info ] [MainThread]: [31m1 check failed:[0m
[0m14:33:42.389825 [info ] [MainThread]: Project loading failed for the following reason:
 project path <C:\Users\Tomas\Documents\GitHub\mlops-ecosystem\dbt_project.yml> not found

[0m14:33:42.391823 [debug] [MainThread]: Command `dbt debug` failed at 14:33:42.391823 after 0.86 seconds
[0m14:33:42.391823 [debug] [MainThread]: Connection 'debug' was properly closed.
[0m14:33:42.392823 [debug] [MainThread]: Sending event: {'category': 'dbt', 'action': 'invocation', 'label': 'end', 'context': [<snowplow_tracker.self_describing_json.SelfDescribingJson object at 0x0000020170121400>, <snowplow_tracker.self_describing_json.SelfDescribingJson object at 0x000002016F517100>, <snowplow_tracker.self_describing_json.SelfDescribingJson object at 0x000002016F517A00>]}
[0m14:33:42.392823 [debug] [MainThread]: Flushing usage events
[0m14:33:43.067646 [debug] [MainThread]: An error was encountered while trying to flush usage events
[0m14:35:49.450271 [debug] [MainThread]: Sending event: {'category': 'dbt', 'action': 'invocation', 'label': 'start', 'context': [<snowplow_tracker.self_describing_json.SelfDescribingJson object at 0x0000018050CA1430>, <snowplow_tracker.self_describing_json.SelfDescribingJson object at 0x0000018052BE49A0>, <snowplow_tracker.self_describing_json.SelfDescribingJson object at 0x0000018052BE4B20>]}


============================== 14:35:49.454270 | 049f0eb4-602d-4f8f-b1b2-c64d2e6d16b5 ==============================
[0m14:35:49.454270 [info ] [MainThread]: Running with dbt=1.9.0-b4
[0m14:35:49.455271 [debug] [MainThread]: running dbt with arguments {'printer_width': '80', 'indirect_selection': 'eager', 'log_cache_events': 'False', 'write_json': 'True', 'partial_parse': 'True', 'cache_selected_only': 'False', 'profiles_dir': 'C:\\Users\\Tomas\\.dbt', 'fail_fast': 'False', 'version_check': 'True', 'log_path': 'logs', 'debug': 'False', 'warn_error': 'None', 'use_colors': 'True', 'use_experimental_parser': 'False', 'no_print': 'None', 'quiet': 'False', 'empty': 'None', 'log_format': 'default', 'introspect': 'True', 'static_parser': 'True', 'warn_error_options': 'WarnErrorOptions(include=[], exclude=[])', 'target_path': 'None', 'invocation_command': 'dbt init .', 'send_anonymous_usage_stats': 'True'}
[0m14:36:09.718326 [error] [MainThread]: Encountered an error:

[0m14:36:09.725844 [error] [MainThread]: Traceback (most recent call last):
  File "C:\Users\Tomas\anaconda3\envs\mlops-dbt\lib\site-packages\dbt\cli\requires.py", line 153, in wrapper
    result, success = func(*args, **kwargs)
  File "C:\Users\Tomas\anaconda3\envs\mlops-dbt\lib\site-packages\dbt\cli\requires.py", line 103, in wrapper
    return func(*args, **kwargs)
  File "C:\Users\Tomas\anaconda3\envs\mlops-dbt\lib\site-packages\dbt\cli\main.py", line 477, in init
    results = task.run()
  File "C:\Users\Tomas\anaconda3\envs\mlops-dbt\lib\site-packages\dbt\task\init.py", line 324, in run
    project_name = self.get_valid_project_name()
  File "C:\Users\Tomas\anaconda3\envs\mlops-dbt\lib\site-packages\dbt\task\init.py", line 278, in get_valid_project_name
    name = click.prompt("Enter a name for your project (letters, digits, underscore)")
  File "C:\Users\Tomas\anaconda3\envs\mlops-dbt\lib\site-packages\click\termui.py", line 164, in prompt
    value = prompt_func(prompt)
  File "C:\Users\Tomas\anaconda3\envs\mlops-dbt\lib\site-packages\click\termui.py", line 147, in prompt_func
    raise Abort() from None
click.exceptions.Abort

[0m14:36:09.727965 [debug] [MainThread]: Command `dbt init` failed at 14:36:09.727965 after 20.39 seconds
[0m14:36:09.729074 [debug] [MainThread]: Sending event: {'category': 'dbt', 'action': 'invocation', 'label': 'end', 'context': [<snowplow_tracker.self_describing_json.SelfDescribingJson object at 0x0000018050CA1430>, <snowplow_tracker.self_describing_json.SelfDescribingJson object at 0x0000018052C8D340>, <snowplow_tracker.self_describing_json.SelfDescribingJson object at 0x0000018052C8D3D0>]}
[0m14:36:09.729598 [debug] [MainThread]: Flushing usage events
[0m14:36:10.392911 [debug] [MainThread]: An error was encountered while trying to flush usage events
[0m14:36:24.984894 [debug] [MainThread]: Sending event: {'category': 'dbt', 'action': 'invocation', 'label': 'start', 'context': [<snowplow_tracker.self_describing_json.SelfDescribingJson object at 0x000002B3C9781490>, <snowplow_tracker.self_describing_json.SelfDescribingJson object at 0x000002B3CB6B9F40>, <snowplow_tracker.self_describing_json.SelfDescribingJson object at 0x000002B3CB6B9790>]}


============================== 14:36:24.989035 | 75fcb5da-5c61-458d-b870-04bbf86ede6d ==============================
[0m14:36:24.989035 [info ] [MainThread]: Running with dbt=1.9.0-b4
[0m14:36:24.990147 [debug] [MainThread]: running dbt with arguments {'printer_width': '80', 'indirect_selection': 'eager', 'write_json': 'True', 'log_cache_events': 'False', 'partial_parse': 'True', 'cache_selected_only': 'False', 'profiles_dir': 'C:\\Users\\Tomas\\.dbt', 'fail_fast': 'False', 'warn_error': 'None', 'log_path': 'logs', 'debug': 'False', 'version_check': 'True', 'use_colors': 'True', 'use_experimental_parser': 'False', 'no_print': 'None', 'quiet': 'False', 'empty': 'None', 'log_format': 'default', 'invocation_command': 'dbt init .', 'introspect': 'True', 'static_parser': 'True', 'target_path': 'None', 'warn_error_options': 'WarnErrorOptions(include=[], exclude=[])', 'send_anonymous_usage_stats': 'True'}
[0m14:36:31.229899 [info ] [MainThread]: A project called db_postgres already exists here.
[0m14:36:31.230883 [debug] [MainThread]: Command `dbt init` succeeded at 14:36:31.230883 after 6.34 seconds
[0m14:36:31.231884 [debug] [MainThread]: Sending event: {'category': 'dbt', 'action': 'invocation', 'label': 'end', 'context': [<snowplow_tracker.self_describing_json.SelfDescribingJson object at 0x000002B3C9781490>, <snowplow_tracker.self_describing_json.SelfDescribingJson object at 0x000002B3CB6D9AF0>, <snowplow_tracker.self_describing_json.SelfDescribingJson object at 0x000002B3CB76C310>]}
[0m14:36:31.232884 [debug] [MainThread]: Flushing usage events
[0m14:36:31.885848 [debug] [MainThread]: An error was encountered while trying to flush usage events
[0m14:36:43.463996 [debug] [MainThread]: Sending event: {'category': 'dbt', 'action': 'invocation', 'label': 'start', 'context': [<snowplow_tracker.self_describing_json.SelfDescribingJson object at 0x0000020B927F1430>, <snowplow_tracker.self_describing_json.SelfDescribingJson object at 0x0000020B947349A0>, <snowplow_tracker.self_describing_json.SelfDescribingJson object at 0x0000020B94734B20>]}


============================== 14:36:43.467996 | be8b83fc-5492-40b3-bc03-e613a107f279 ==============================
[0m14:36:43.467996 [info ] [MainThread]: Running with dbt=1.9.0-b4
[0m14:36:43.469998 [debug] [MainThread]: running dbt with arguments {'printer_width': '80', 'indirect_selection': 'eager', 'write_json': 'True', 'log_cache_events': 'False', 'partial_parse': 'True', 'cache_selected_only': 'False', 'profiles_dir': 'C:\\Users\\Tomas\\.dbt', 'debug': 'False', 'fail_fast': 'False', 'log_path': 'logs', 'version_check': 'True', 'warn_error': 'None', 'use_colors': 'True', 'use_experimental_parser': 'False', 'empty': 'None', 'quiet': 'False', 'no_print': 'None', 'warn_error_options': 'WarnErrorOptions(include=[], exclude=[])', 'static_parser': 'True', 'log_format': 'default', 'introspect': 'True', 'target_path': 'None', 'invocation_command': 'dbt debug', 'send_anonymous_usage_stats': 'True'}
[0m14:36:43.489995 [info ] [MainThread]: dbt version: 1.9.0-b4
[0m14:36:43.490997 [info ] [MainThread]: python version: 3.9.20
[0m14:36:43.492093 [info ] [MainThread]: python path: C:\Users\Tomas\anaconda3\envs\mlops-dbt\python.exe
[0m14:36:43.493099 [info ] [MainThread]: os info: Windows-10-10.0.26100-SP0
[0m14:36:43.551096 [info ] [MainThread]: Using profiles dir at C:\Users\Tomas\.dbt
[0m14:36:43.552102 [info ] [MainThread]: Using profiles.yml file at C:\Users\Tomas\.dbt\profiles.yml
[0m14:36:43.553098 [info ] [MainThread]: Using dbt_project.yml file at C:\Users\Tomas\Documents\GitHub\mlops-ecosystem\dbt_project.yml
[0m14:36:43.555098 [info ] [MainThread]: adapter type: postgres
[0m14:36:43.557098 [info ] [MainThread]: adapter version: 1.8.2
[0m14:36:43.558105 [info ] [MainThread]: Configuration:
[0m14:36:43.558105 [info ] [MainThread]:   profiles.yml file [[32mOK found and valid[0m]
[0m14:36:43.559098 [info ] [MainThread]:   dbt_project.yml file [[31mERROR not found[0m]
[0m14:36:43.560099 [info ] [MainThread]: Required dependencies:
[0m14:36:43.560099 [debug] [MainThread]: Executing "git --help"
[0m14:36:43.607599 [debug] [MainThread]: STDOUT: "b"usage: git [-v | --version] [-h | --help] [-C <path>] [-c <name>=<value>]\n           [--exec-path[=<path>]] [--html-path] [--man-path] [--info-path]\n           [-p | --paginate | -P | --no-pager] [--no-replace-objects] [--no-lazy-fetch]\n           [--no-optional-locks] [--no-advice] [--bare] [--git-dir=<path>]\n           [--work-tree=<path>] [--namespace=<name>] [--config-env=<name>=<envvar>]\n           <command> [<args>]\n\nThese are common Git commands used in various situations:\n\nstart a working area (see also: git help tutorial)\n   clone      Clone a repository into a new directory\n   init       Create an empty Git repository or reinitialize an existing one\n\nwork on the current change (see also: git help everyday)\n   add        Add file contents to the index\n   mv         Move or rename a file, a directory, or a symlink\n   restore    Restore working tree files\n   rm         Remove files from the working tree and from the index\n\nexamine the history and state (see also: git help revisions)\n   bisect     Use binary search to find the commit that introduced a bug\n   diff       Show changes between commits, commit and working tree, etc\n   grep       Print lines matching a pattern\n   log        Show commit logs\n   show       Show various types of objects\n   status     Show the working tree status\n\ngrow, mark and tweak your common history\n   backfill   Download missing objects in a partial clone\n   branch     List, create, or delete branches\n   commit     Record changes to the repository\n   merge      Join two or more development histories together\n   rebase     Reapply commits on top of another base tip\n   reset      Reset current HEAD to the specified state\n   switch     Switch branches\n   tag        Create, list, delete or verify a tag object signed with GPG\n\ncollaborate (see also: git help workflows)\n   fetch      Download objects and refs from another repository\n   pull       Fetch from and integrate with another repository or a local branch\n   push       Update remote refs along with associated objects\n\n'git help -a' and 'git help -g' list available subcommands and some\nconcept guides. See 'git help <command>' or 'git help <concept>'\nto read about a specific subcommand or concept.\nSee 'git help git' for an overview of the system.\n""
[0m14:36:43.608597 [debug] [MainThread]: STDERR: "b''"
[0m14:36:43.608597 [info ] [MainThread]:  - git [[32mOK found[0m]

[0m14:36:43.609598 [info ] [MainThread]: Connection:
[0m14:36:43.610599 [info ] [MainThread]:   host: localhost
[0m14:36:43.610599 [info ] [MainThread]:   port: 5432
[0m14:36:43.611599 [info ] [MainThread]:   user: tomirubinstein@gmail.com
[0m14:36:43.611599 [info ] [MainThread]:   database: mlops
[0m14:36:43.612601 [info ] [MainThread]:   schema: target
[0m14:36:43.613598 [info ] [MainThread]:   connect_timeout: 10
[0m14:36:43.613598 [info ] [MainThread]:   role: None
[0m14:36:43.614598 [info ] [MainThread]:   search_path: None
[0m14:36:43.615597 [info ] [MainThread]:   keepalives_idle: 0
[0m14:36:43.616741 [info ] [MainThread]:   sslmode: None
[0m14:36:43.616741 [info ] [MainThread]:   sslcert: None
[0m14:36:43.617778 [info ] [MainThread]:   sslkey: None
[0m14:36:43.618746 [info ] [MainThread]:   sslrootcert: None
[0m14:36:43.618746 [info ] [MainThread]:   application_name: dbt
[0m14:36:43.619746 [info ] [MainThread]:   retries: 1
[0m14:36:43.620746 [info ] [MainThread]: Registered adapter: postgres=1.8.2
[0m14:36:43.926869 [debug] [MainThread]: Acquiring new postgres connection 'debug'
[0m14:36:44.114424 [debug] [MainThread]: Using postgres connection "debug"
[0m14:36:44.114424 [debug] [MainThread]: On debug: select 1 as id
[0m14:36:44.115426 [debug] [MainThread]: Opening a new connection, currently in state init
[0m14:36:44.153661 [debug] [MainThread]: SQL status: SELECT 1 in 0.039 seconds
[0m14:36:44.155662 [debug] [MainThread]: On debug: Close
[0m14:36:44.155662 [info ] [MainThread]:   Connection test: [[32mOK connection ok[0m]

[0m14:36:44.156660 [info ] [MainThread]: [31m1 check failed:[0m
[0m14:36:44.157662 [info ] [MainThread]: Project loading failed for the following reason:
 project path <C:\Users\Tomas\Documents\GitHub\mlops-ecosystem\dbt_project.yml> not found

[0m14:36:44.159661 [debug] [MainThread]: Command `dbt debug` failed at 14:36:44.158660 after 0.79 seconds
[0m14:36:44.159661 [debug] [MainThread]: Connection 'debug' was properly closed.
[0m14:36:44.160661 [debug] [MainThread]: Sending event: {'category': 'dbt', 'action': 'invocation', 'label': 'end', 'context': [<snowplow_tracker.self_describing_json.SelfDescribingJson object at 0x0000020B927F1430>, <snowplow_tracker.self_describing_json.SelfDescribingJson object at 0x0000020B91BE7D60>, <snowplow_tracker.self_describing_json.SelfDescribingJson object at 0x0000020B91BE7E50>]}
[0m14:36:44.160661 [debug] [MainThread]: Flushing usage events
[0m14:36:44.782452 [debug] [MainThread]: An error was encountered while trying to flush usage events
[0m14:36:49.431777 [debug] [MainThread]: Sending event: {'category': 'dbt', 'action': 'invocation', 'label': 'start', 'context': [<snowplow_tracker.self_describing_json.SelfDescribingJson object at 0x00000150F61A2400>, <snowplow_tracker.self_describing_json.SelfDescribingJson object at 0x00000150F80E30D0>, <snowplow_tracker.self_describing_json.SelfDescribingJson object at 0x00000150F80E3880>]}


============================== 14:36:49.435776 | 979ffe98-97a9-4036-bff7-5e4f3ba61522 ==============================
[0m14:36:49.435776 [info ] [MainThread]: Running with dbt=1.9.0-b4
[0m14:36:49.436778 [debug] [MainThread]: running dbt with arguments {'printer_width': '80', 'indirect_selection': 'eager', 'log_cache_events': 'False', 'write_json': 'True', 'partial_parse': 'True', 'cache_selected_only': 'False', 'profiles_dir': 'C:\\Users\\Tomas\\.dbt', 'debug': 'False', 'warn_error': 'None', 'log_path': 'logs', 'version_check': 'True', 'fail_fast': 'False', 'use_colors': 'True', 'use_experimental_parser': 'False', 'empty': 'False', 'quiet': 'False', 'no_print': 'None', 'warn_error_options': 'WarnErrorOptions(include=[], exclude=[])', 'introspect': 'True', 'invocation_command': 'dbt run', 'static_parser': 'True', 'target_path': 'None', 'log_format': 'default', 'send_anonymous_usage_stats': 'True'}
[0m14:36:49.437777 [error] [MainThread]: Encountered an error:
Runtime Error
  No dbt_project.yml found at expected path C:\Users\Tomas\Documents\GitHub\mlops-ecosystem\dbt_project.yml
  Verify that each entry within packages.yml (and their transitive dependencies) contains a file named dbt_project.yml
  
[0m14:36:49.438775 [debug] [MainThread]: Command `dbt run` failed at 14:36:49.438775 after 0.12 seconds
[0m14:36:49.439776 [debug] [MainThread]: Sending event: {'category': 'dbt', 'action': 'invocation', 'label': 'end', 'context': [<snowplow_tracker.self_describing_json.SelfDescribingJson object at 0x00000150F61A2400>, <snowplow_tracker.self_describing_json.SelfDescribingJson object at 0x00000150F80E3C70>, <snowplow_tracker.self_describing_json.SelfDescribingJson object at 0x00000150F80FDD30>]}
[0m14:36:49.439776 [debug] [MainThread]: Flushing usage events
[0m14:36:50.084007 [debug] [MainThread]: An error was encountered while trying to flush usage events
